<?xml version="1.0" encoding="UTF-8"?>
<testng-results total="1" passed="1" failed="0" skipped="0">
  <reporter-output>
  </reporter-output>
  <suite started-at="2018-06-26T00:14:25Z" name="Default suite" finished-at="2018-06-26T00:14:42Z" duration-ms="16728">
    <groups>
    </groups>
    <test started-at="2018-06-26T00:14:25Z" name="Default test" finished-at="2018-06-26T00:14:42Z" duration-ms="16728">
      <class name="demo.adminwilltoken.tests.AdminLogintest">
        <test-method signature="AdminLogin()[pri:0, instance:demo.adminwilltoken.tests.AdminLogintest@6c40365c]" started-at="2018-06-25T19:14:25Z" name="AdminLogin" finished-at="2018-06-25T19:14:42Z" duration-ms="16701" status="PASS">
          <reporter-output>
          </reporter-output>
        </test-method> <!-- AdminLogin -->
      </class> <!-- demo.adminwilltoken.tests.AdminLogintest -->
    </test> <!-- Default test -->
  </suite> <!-- Default suite -->
</testng-results>
